<?xml version="1.0" encoding="UTF-8" ?>
<testsuite tests="20" failures="0" name="utils.LinkedListAddTest" time="0.015" errors="0" skipped="0">
  <properties>
[...]
</properties>
  <testcase classname="utils.LinkedListAddTest" name="utils.LinkedListAddTest.testSet_ValidParameters" time="0.01"/>
  <testcase classname="utils.LinkedListAddTest" name="utils.LinkedListAddTest.testIsEmpty_PopulatedList" time="0"/>
  <testcase classname="utils.LinkedListAddTest" name="utils.LinkedListAddTest.testIndexOf_SongNotInList" time="0"/>
  <testcase classname="utils.LinkedListAddTest" name="utils.LinkedListAddTest.testAdd_AddingTwoElements_Song" time="0"/>
  <testcase classname="utils.LinkedListAddTest" name="utils.LinkedListAddTest.testGet_ValidInput_EndOfList" time="0"/>
  <testcase classname="utils.LinkedListAddTest" name="utils.LinkedListAddTest.testIndexOf_SongInList" time="0"/>
  <testcase classname="utils.LinkedListAddTest" name="utils.LinkedListAddTest.testRemove_RemovingOneInstance" time="0"/>
  <testcase classname="utils.LinkedListAddTest" name="utils.LinkedListAddTest.testSize_PopulatedList" time="0.001"/>
  <testcase classname="utils.LinkedListAddTest" name="utils.LinkedListAddTest.testGet_BreakingLowerBound" time="0.002"/>
  <testcase classname="utils.LinkedListAddTest" name="utils.LinkedListAddTest.testSet_InvalidParameters_BreakingUpperBound_GreaterThanSize" time="0.001"/>
  <testcase classname="utils.LinkedListAddTest" name="utils.LinkedListAddTest.testRemove_RemovingSingleInstanceWhereMultipleExist" time="0"/>
  <testcase classname="utils.LinkedListAddTest" name="utils.LinkedListAddTest.testSet_InvalidParameters_BreakingUpperBound_EqualToSize" time="0.001"/>
  <testcase classname="utils.LinkedListAddTest" name="utils.LinkedListAddTest.testGet_BreakingUpperBound_GreaterThanSize" time="0"/>
  <testcase classname="utils.LinkedListAddTest" name="utils.LinkedListAddTest.testGet_BreakingUpperBound_EqualToSize" time="0"/>
  <testcase classname="utils.LinkedListAddTest" name="utils.LinkedListAddTest.testSet_InvalidParameters_BreakingLowerBound" time="0"/>
  <testcase classname="utils.LinkedListAddTest" name="utils.LinkedListAddTest.testRemove_RemovingSomethingNotPresent" time="0"/>
  <testcase classname="utils.LinkedListAddTest" name="utils.LinkedListAddTest.testGet_ValidInput" time="0"/>
  <testcase classname="utils.LinkedListAddTest" name="utils.LinkedListAddTest.testAdd_Song" time="0"/>
  <testcase classname="utils.LinkedListAddTest" name="utils.LinkedListAddTest.testIsEmpty" time="0"/>
  <testcase classname="utils.LinkedListAddTest" name="utils.LinkedListAddTest.testSize_EmptyList" time="0"/>
</testsuite>